<?xml version="1.0" encoding="UTF-8"?>
<!-- Generated by org.testng.reporters.JUnitXMLReporter -->
<testsuite ignored="0" hostname="DESKTOP-KLPCFEN" failures="14" tests="477" name="Test" time="16.195" errors="0" timestamp="2022-04-15T13:46:05 ICT">
  <testcase classname="com.wolvesres.truongnvn.kho.TestSoluongXuatKho" name="@AfterClass writreExcel" time="0.002">
    <failure type="java.io.FileNotFoundException" message="D:\demo.xlsx (The system cannot find the file specified)">
      <![CDATA[java.io.FileNotFoundException: D:\demo.xlsx (The system cannot find the file specified)
at java.base/java.io.FileInputStream.open0(Native Method)
at java.base/java.io.FileInputStream.open(FileInputStream.java:216)
at java.base/java.io.FileInputStream.<init>(FileInputStream.java:157)
at exceldoing.ExcelGo.getWorkbook(ExcelGo.java:170)
at exceldoing.ExcelGo.writeExcelv2(ExcelGo.java:230)
at com.wolvesres.truongnvn.kho.TestSoluongXuatKho.writreExcel(TestSoluongXuatKho.java:94)
at java.base/java.util.ArrayList.forEach(ArrayList.java:1511)
... Removed 25 stack frames]]>
    </failure>
  </testcase> <!-- @AfterClass writreExcel -->
  <testcase classname="com.wolvesres.ducvh.kho.StockPriceImportTestSuccess" name="f" time="0.023"/>
  <testcase classname="com.wolvesres.ducvh.kho.StockPriceImportTestSuccess" name="f" time="0.003"/>
  <testcase classname="com.wolvesres.ducvh.kho.StockPriceImportTestSuccess" name="f" time="0.003"/>
  <testcase classname="com.wolvesres.ducvh.kho.StockPriceImportTestSuccess" name="f" time="0.002"/>
  <testcase classname="com.wolvesres.ducvh.kho.StockPriceImportTestSuccess" name="f" time="0.001"/>
  <testcase classname="com.wolvesres.ducvh.kho.StockPriceExportEmptyTestFail" name="f" time="0.002"/>
  <testcase classname="com.wolvesres.ducvh.kho.StockPriceExportEmptyTestFail" name="f" time="0.001"/>
  <testcase classname="com.wolvesres.ducvh.kho.StockPriceExportEmptyTestFail" name="f" time="0.002"/>
  <testcase classname="com.wolvesres.ducvh.kho.StockPriceExportEmptyTestFail" name="f" time="0.002"/>
  <testcase classname="com.wolvesres.haotn.voucher.TestEndDateVoucher" name="testEndDateVoucherFail" time="0.016"/>
  <testcase classname="com.wolvesres.haotn.voucher.TestEndDateVoucher" name="testEndDateVoucherFail" time="0.002"/>
  <testcase classname="com.wolvesres.haotn.voucher.TestEndDateVoucher" name="testEndDateVoucherFail" time="0.001"/>
  <testcase classname="com.wolvesres.haotn.voucher.TestEndDateVoucher" name="testEndDateVoucherFail" time="0.003"/>
  <testcase classname="com.wolvesres.haotn.voucher.TestEndDateVoucher" name="testEndDateVoucherFail" time="0.001"/>
  <testcase classname="com.wolvesres.hott.voucher.TestVoucherStartDay" name="testVoucherStartDaySuccess" time="0.007">
    <failure type="junit.framework.AssertionFailedError" message="expected:&amp;lt;true&amp;gt; but was:&amp;lt;false&amp;gt;">
      <![CDATA[junit.framework.AssertionFailedError: expected:<true> but was:<false>
at junit.framework.Assert.fail(Assert.java:47)
at junit.framework.Assert.failNotEquals(Assert.java:282)
at junit.framework.Assert.assertEquals(Assert.java:64)
at junit.framework.Assert.assertEquals(Assert.java:71)
at com.wolvesres.hott.voucher.TestVoucherStartDay.testVoucherStartDaySuccess(TestVoucherStartDay.java:39)
at java.base/java.util.ArrayList.forEach(ArrayList.java:1511)
... Removed 27 stack frames]]>
    </failure>
  </testcase> <!-- testVoucherStartDaySuccess -->
  <testcase classname="com.wolvesres.hott.voucher.TestVoucherStartDay" name="testVoucherStartDaySuccess" time="0.002"/>
  <testcase classname="com.wolvesres.hott.voucher.TestVoucherStartDay" name="testVoucherStartDaySuccess" time="0.001"/>
  <testcase classname="com.wolvesres.hott.voucher.TestVoucherStartDay" name="testVoucherStartDaySuccess" time="0.002"/>
  <testcase classname="com.wolvesres.hott.voucher.TestVoucherStartDay" name="testVoucherStartDaySuccess" time="0.002"/>
  <testcase classname="com.wolvesres.hott.voucher.TestVoucherStartDay" name="testVoucherStartDaySuccess" time="0.001"/>
  <testcase classname="com.wolvesres.haotn.sanpham.TestValidProductPrice" name="testProductPriceEmptyFail" time="0.002"/>
  <testcase classname="com.wolvesres.haotn.sanpham.TestValidProductPrice" name="testProductPriceEmptyFail" time="0.02"/>
  <testcase classname="com.wolvesres.haotn.sanpham.TestValidProductPrice" name="testProductPriceEmptyFail" time="0.003"/>
  <testcase classname="com.wolvesres.haotn.sanpham.TestValidProductPrice" name="testProductPriceNegativeFail" time="0.003"/>
  <testcase classname="com.wolvesres.haotn.sanpham.TestValidProductPrice" name="testProductPriceNegativeFail" time="0.002"/>
  <testcase classname="com.wolvesres.haotn.sanpham.TestValidProductPrice" name="testProductPriceNegativeFail" time="0.001"/>
  <testcase classname="com.wolvesres.haotn.sanpham.TestValidProductPrice" name="testProductPriceNegativeFail" time="0.001"/>
  <testcase classname="com.wolvesres.haotn.sanpham.TestValidProductPrice" name="testProductPriceNegativeFail" time="0.001"/>
  <testcase classname="com.wolvesres.haotn.sanpham.TestValidProductPrice" name="testProductPriceNegativeFail" time="0.001"/>
  <testcase classname="com.wolvesres.haotn.sanpham.TestValidProductPrice" name="testProductPriceNegativeFail" time="0.001"/>
  <testcase classname="com.wolvesres.haotn.sanpham.TestValidProductPrice" name="testProductPriceNegativeFail" time="0.003"/>
  <testcase classname="com.wolvesres.hott.nhanvien.TestValidEmail" name="testValidEmailFail" time="0.002">
    <failure type="junit.framework.AssertionFailedError" message="expected:&amp;lt;false&amp;gt; but was:&amp;lt;true&amp;gt;">
      <![CDATA[junit.framework.AssertionFailedError: expected:<false> but was:<true>
at junit.framework.Assert.fail(Assert.java:47)
at junit.framework.Assert.failNotEquals(Assert.java:282)
at junit.framework.Assert.assertEquals(Assert.java:64)
at junit.framework.Assert.assertEquals(Assert.java:71)
at com.wolvesres.hott.nhanvien.TestValidEmail.testValidEmailFail(TestValidEmail.java:42)
at java.base/java.util.ArrayList.forEach(ArrayList.java:1511)
... Removed 27 stack frames]]>
    </failure>
  </testcase> <!-- testValidEmailFail -->
  <testcase classname="com.wolvesres.hott.nhanvien.TestValidEmail" name="testValidEmailFail" time="0.002">
    <failure type="junit.framework.AssertionFailedError" message="expected:&amp;lt;false&amp;gt; but was:&amp;lt;true&amp;gt;">
      <![CDATA[junit.framework.AssertionFailedError: expected:<false> but was:<true>
at junit.framework.Assert.fail(Assert.java:47)
at junit.framework.Assert.failNotEquals(Assert.java:282)
at junit.framework.Assert.assertEquals(Assert.java:64)
at junit.framework.Assert.assertEquals(Assert.java:71)
at com.wolvesres.hott.nhanvien.TestValidEmail.testValidEmailFail(TestValidEmail.java:42)
at java.base/java.util.ArrayList.forEach(ArrayList.java:1511)
... Removed 27 stack frames]]>
    </failure>
  </testcase> <!-- testValidEmailFail -->
  <testcase classname="com.wolvesres.hott.nhanvien.TestValidEmail" name="testValidEmailFail" time="0.022">
    <failure type="junit.framework.AssertionFailedError" message="expected:&amp;lt;false&amp;gt; but was:&amp;lt;true&amp;gt;">
      <![CDATA[junit.framework.AssertionFailedError: expected:<false> but was:<true>
at junit.framework.Assert.fail(Assert.java:47)
at junit.framework.Assert.failNotEquals(Assert.java:282)
at junit.framework.Assert.assertEquals(Assert.java:64)
at junit.framework.Assert.assertEquals(Assert.java:71)
at com.wolvesres.hott.nhanvien.TestValidEmail.testValidEmailFail(TestValidEmail.java:42)
at java.base/java.util.ArrayList.forEach(ArrayList.java:1511)
... Removed 27 stack frames]]>
    </failure>
  </testcase> <!-- testValidEmailFail -->
  <testcase classname="com.wolvesres.hott.nhanvien.TestValidEmail" name="testValidEmailFail" time="0.003">
    <failure type="junit.framework.AssertionFailedError" message="expected:&amp;lt;false&amp;gt; but was:&amp;lt;true&amp;gt;">
      <![CDATA[junit.framework.AssertionFailedError: expected:<false> but was:<true>
at junit.framework.Assert.fail(Assert.java:47)
at junit.framework.Assert.failNotEquals(Assert.java:282)
at junit.framework.Assert.assertEquals(Assert.java:64)
at junit.framework.Assert.assertEquals(Assert.java:71)
at com.wolvesres.hott.nhanvien.TestValidEmail.testValidEmailFail(TestValidEmail.java:42)
at java.base/java.util.ArrayList.forEach(ArrayList.java:1511)
... Removed 27 stack frames]]>
    </failure>
  </testcase> <!-- testValidEmailFail -->
  <testcase classname="com.wolvesres.hott.nhanvien.TestValidEmail" name="testValidEmailFail" time="0.002">
    <failure type="junit.framework.AssertionFailedError" message="expected:&amp;lt;false&amp;gt; but was:&amp;lt;true&amp;gt;">
      <![CDATA[junit.framework.AssertionFailedError: expected:<false> but was:<true>
at junit.framework.Assert.fail(Assert.java:47)
at junit.framework.Assert.failNotEquals(Assert.java:282)
at junit.framework.Assert.assertEquals(Assert.java:64)
at junit.framework.Assert.assertEquals(Assert.java:71)
at com.wolvesres.hott.nhanvien.TestValidEmail.testValidEmailFail(TestValidEmail.java:42)
at java.base/java.util.ArrayList.forEach(ArrayList.java:1511)
... Removed 27 stack frames]]>
    </failure>
  </testcase> <!-- testValidEmailFail -->
  <testcase classname="com.wolvesres.ducvh.kho.StockQuanExportOverTestFail" name="f" time="0.001"/>
  <testcase classname="com.wolvesres.ducvh.kho.StockQuanExportOverTestFail" name="f" time="0.001"/>
  <testcase classname="com.wolvesres.ducvh.kho.StockQuanExportOverTestFail" name="f" time="0.003"/>
  <testcase classname="com.wolvesres.ducvh.kho.StockQuanExportOverTestFail" name="f" time="0.001"/>
  <testcase classname="com.wolvesres.ducvh.kho.StockQuanExportOverTestFail" name="f" time="0.002"/>
  <testcase classname="com.wolvesres.ducvh.voucher.VoucherQuanMinusTestFail" name="f" time="0.004"/>
  <testcase classname="com.wolvesres.ducvh.voucher.VoucherQuanMinusTestFail" name="f" time="0.001"/>
  <testcase classname="com.wolvesres.ducvh.voucher.VoucherQuanMinusTestFail" name="f" time="0.001"/>
  <testcase classname="com.wolvesres.ducvh.voucher.VoucherQuanMinusTestFail" name="f" time="0.0"/>
  <testcase classname="com.wolvesres.ducvh.voucher.VoucherQuanMinusTestFail" name="f" time="0.001"/>
  <testcase classname="com.wolvesres.haotn.kho.TestExportPrice" name="testProductExportPriceFail" time="0.002"/>
  <testcase classname="com.wolvesres.haotn.kho.TestExportPrice" name="testProductExportPriceFail" time="0.001"/>
  <testcase classname="com.wolvesres.haotn.kho.TestExportPrice" name="testProductExportPriceFail" time="0.001"/>
  <testcase classname="com.wolvesres.haotn.kho.TestExportPrice" name="testProductExportPriceFail" time="0.001"/>
  <testcase classname="com.wolvesres.haotn.kho.TestExportPrice" name="testProductExportPriceFail" time="0.002"/>
  <testcase classname="com.wolvesres.haotn.kho.TestExportPrice" name="testProductExportPriceFail" time="0.001"/>
  <testcase classname="com.wolvesres.haotn.kho.TestExportPrice" name="testProductExportPriceFail" time="0.002"/>
  <testcase classname="com.wolvesres.haotn.sanpham.TestValidProductName" name="testValidProductNamePass" time="0.001"/>
  <testcase classname="com.wolvesres.haotn.sanpham.TestValidProductName" name="testValidProductNamePass" time="0.001"/>
  <testcase classname="com.wolvesres.haotn.sanpham.TestValidProductName" name="testValidProductNamePass" time="0.002"/>
  <testcase classname="com.wolvesres.haotn.sanpham.TestValidProductName" name="testValidProductNamePass" time="0.0"/>
  <testcase classname="com.wolvesres.haotn.sanpham.TestValidProductName" name="testValidProductNamePass" time="0.0"/>
  <testcase classname="com.wolvesres.haotn.sanpham.TestValidProductName" name="testValidProductNamePass" time="0.002"/>
  <testcase classname="com.wolvesres.ducvh.kho.StockQuanImportABCTestFail" name="f" time="0.001"/>
  <testcase classname="com.wolvesres.ducvh.kho.StockQuanImportABCTestFail" name="f" time="0.001"/>
  <testcase classname="com.wolvesres.ducvh.kho.StockQuanImportABCTestFail" name="f" time="0.0"/>
  <testcase classname="com.wolvesres.ducvh.kho.StockQuanImportABCTestFail" name="f" time="0.001"/>
  <testcase classname="com.wolvesres.ducvh.kho.StockQuanImportABCTestFail" name="f" time="0.001"/>
  <testcase classname="com.wolvesres.haotn.sanpham.TestAutoGenerateIdProduct" name="testAutoGenerateIdProductPass" time="0.001"/>
  <testcase classname="com.wolvesres.hott.kho.TestQuantityExport" name="testQuantityExportFail" time="0.001"/>
  <testcase classname="com.wolvesres.hott.kho.TestQuantityExport" name="testQuantityExportFail" time="0.001"/>
  <testcase classname="com.wolvesres.hott.kho.TestQuantityExport" name="testQuantityExportFail" time="0.0"/>
  <testcase classname="com.wolvesres.hott.kho.TestQuantityExport" name="testQuantityExportFail" time="0.001"/>
  <testcase classname="com.wolvesres.hott.kho.TestQuantityExport" name="testQuantityExportFail" time="0.001"/>
  <testcase classname="com.wolvesres.hott.banhang.TestImportMoney" name="testImportMoneyFailA" time="0.001"/>
  <testcase classname="com.wolvesres.hott.banhang.TestImportMoney" name="testImportMoneyFailA" time="0.001"/>
  <testcase classname="com.wolvesres.hott.banhang.TestImportMoney" name="testImportMoneyFailA" time="0.001"/>
  <testcase classname="com.wolvesres.hott.banhang.TestImportMoney" name="testImportMoneyFailA" time="0.0"/>
  <testcase classname="com.wolvesres.hott.banhang.TestImportMoney" name="testImportMoneyFailA" time="0.001"/>
  <testcase classname="com.wolvesres.hott.banhang.TestImportMoney" name="testImportMoneyFailB" time="0.001"/>
  <testcase classname="com.wolvesres.hott.banhang.TestImportMoney" name="testImportMoneyFailB" time="0.002"/>
  <testcase classname="com.wolvesres.hott.banhang.TestImportMoney" name="testImportMoneyFailB" time="0.0"/>
  <testcase classname="com.wolvesres.hott.banhang.TestImportMoney" name="testImportMoneyFailB" time="0.001"/>
  <testcase classname="com.wolvesres.hott.banhang.TestImportMoney" name="testImportMoneyFailB" time="0.0"/>
  <testcase classname="com.wolvesres.hott.banhang.TestImportMoney" name="testImportMoneyFailB" time="0.001"/>
  <testcase classname="com.wolvesres.quanghn.kho.TestValidXuatKho" name="testValidXuatKhoNhapChuFail" time="0.001"/>
  <testcase classname="com.wolvesres.quanghn.kho.TestValidXuatKho" name="testValidXuatKhoNhapChuFail" time="0.001"/>
  <testcase classname="com.wolvesres.quanghn.kho.TestValidXuatKho" name="testValidXuatKhoNhapChuFail" time="0.001"/>
  <testcase classname="com.wolvesres.quanghn.kho.TestValidXuatKho" name="testValidXuatKhoNhapChuFail" time="0.001"/>
  <testcase classname="com.wolvesres.quanghn.kho.TestValidXuatKho" name="testValidXuatKhoNhapChuFail" time="0.0"/>
  <testcase classname="com.wolvesres.hott.khuban.TestTableAreaName" name="testTableAreaNameSuccess" time="0.001"/>
  <testcase classname="com.wolvesres.hott.khuban.TestTableAreaName" name="testTableAreaNameSuccess" time="0.001"/>
  <testcase classname="com.wolvesres.hott.khuban.TestTableAreaName" name="testTableAreaNameSuccess" time="0.001"/>
  <testcase classname="com.wolvesres.hott.khuban.TestTableAreaName" name="testTableAreaNameSuccess" time="0.001"/>
  <testcase classname="com.wolvesres.hott.khuban.TestTableAreaName" name="testTableAreaNameSuccess" time="0.001"/>
  <testcase classname="com.wolvesres.quanghn.banhang.TestValidNhapTien" name="testValidNhapTienBoTrongFail" time="0.002"/>
  <testcase classname="com.wolvesres.quanghn.banhang.TestValidNhapTien" name="testValidNhapTienBoTrongFail" time="0.001"/>
  <testcase classname="com.wolvesres.quanghn.banhang.TestValidNhapTien" name="testValidNhapTienBoTrongFail" time="0.0"/>
  <testcase classname="com.wolvesres.quanghn.banhang.TestValidNhapTien" name="testValidNhapTienFail" time="0.002"/>
  <testcase classname="com.wolvesres.quanghn.banhang.TestValidNhapTien" name="testValidNhapTienFail" time="0.001"/>
  <testcase classname="com.wolvesres.quanghn.banhang.TestValidNhapTien" name="testValidNhapTienFail" time="0.0"/>
  <testcase classname="com.wolvesres.quanghn.banhang.TestValidNhapTien" name="testValidNhapTienFail" time="0.001"/>
  <testcase classname="com.wolvesres.quanghn.banhang.TestValidNhapTien" name="testValidNhapTienFail" time="0.004"/>
  <testcase classname="com.wolvesres.haotn.taikhoan.TestValidPassword" name="testValidPassworLengthFail" time="0.002"/>
  <testcase classname="com.wolvesres.haotn.taikhoan.TestValidPassword" name="testValidPassworLengthFail" time="0.0"/>
  <testcase classname="com.wolvesres.haotn.taikhoan.TestValidPassword" name="testValidPassworLengthFail" time="0.002"/>
  <testcase classname="com.wolvesres.haotn.taikhoan.TestValidPassword" name="testValidPassworLengthFail" time="0.001"/>
  <testcase classname="com.wolvesres.haotn.taikhoan.TestValidPassword" name="testValidPassworLengthFail" time="0.001"/>
  <testcase classname="com.wolvesres.haotn.taikhoan.TestValidPassword" name="testPasswordSpaceFail" time="0.002"/>
  <testcase classname="com.wolvesres.haotn.taikhoan.TestValidPassword" name="testPasswordSpaceFail" time="0.002"/>
  <testcase classname="com.wolvesres.haotn.taikhoan.TestValidPassword" name="testPasswordSpaceFail" time="0.001"/>
  <testcase classname="com.wolvesres.haotn.taikhoan.TestValidPassword" name="testPasswordSpaceFail" time="0.001"/>
  <testcase classname="com.wolvesres.haotn.taikhoan.TestValidPassword" name="testPasswordSpaceFail" time="0.001"/>
  <testcase classname="com.wolvesres.haotn.taikhoan.TestValidPassword" name="tesConfirmPasswordNotMathFail" time="0.003"/>
  <testcase classname="com.wolvesres.haotn.taikhoan.TestValidPassword" name="tesConfirmPasswordNotMathFail" time="0.002"/>
  <testcase classname="com.wolvesres.haotn.taikhoan.TestValidPassword" name="tesConfirmPasswordNotMathFail" time="0.002"/>
  <testcase classname="com.wolvesres.haotn.taikhoan.TestValidPassword" name="tesConfirmPasswordNotMathFail" time="0.001"/>
  <testcase classname="com.wolvesres.haotn.taikhoan.TestValidPassword" name="tesConfirmPasswordNotMathFail" time="0.001"/>
  <testcase classname="com.wolvesres.quanghn.nhanvien.TestValidHoTen" name="testValidFullNameFail" time="0.002"/>
  <testcase classname="com.wolvesres.quanghn.nhanvien.TestValidHoTen" name="testValidFullNameFail" time="0.003"/>
  <testcase classname="com.wolvesres.quanghn.nhanvien.TestValidHoTen" name="testValidFullNameFail" time="0.001"/>
  <testcase classname="com.wolvesres.quanghn.nhanvien.TestValidHoTen" name="testValidFullNameNhapSoFail" time="0.001"/>
  <testcase classname="com.wolvesres.quanghn.nhanvien.TestValidHoTen" name="testValidFullNameNhapSoFail" time="0.001"/>
  <testcase classname="com.wolvesres.quanghn.nhanvien.TestValidHoTen" name="testValidFullNameNhapSoFail" time="0.0"/>
  <testcase classname="com.wolvesres.quanghn.nhanvien.TestValidHoTen" name="testValidFullNameNhapSoFail" time="0.001"/>
  <testcase classname="com.wolvesres.quanghn.nhanvien.TestValidHoTen" name="testValidFullNameNhapSoFail" time="0.001"/>
  <testcase classname="com.wolvesres.truongnvn.voucher.TestDateVoucher" name="testDateVoucherBefore" time="0.001"/>
  <testcase classname="com.wolvesres.truongnvn.voucher.TestDateVoucher" name="testDateVoucherAfer" time="0.001"/>
  <testcase classname="com.wolvesres.ducvh.danhmuc.CategoryTestSuccess" name="f" time="0.002"/>
  <testcase classname="com.wolvesres.ducvh.danhmuc.CategoryTestSuccess" name="f" time="0.001"/>
  <testcase classname="com.wolvesres.ducvh.danhmuc.CategoryTestSuccess" name="f" time="0.001"/>
  <testcase classname="com.wolvesres.ducvh.danhmuc.CategoryTestSuccess" name="f" time="0.001"/>
  <testcase classname="com.wolvesres.ducvh.danhmuc.CategoryTestSuccess" name="f" time="0.002"/>
  <testcase classname="com.wolvesres.ducvh.kho.StockQuanExportTestSuccess" name="f" time="0.002"/>
  <testcase classname="com.wolvesres.ducvh.kho.StockQuanExportTestSuccess" name="f" time="0.0"/>
  <testcase classname="com.wolvesres.ducvh.kho.StockQuanExportTestSuccess" name="f" time="0.0"/>
  <testcase classname="com.wolvesres.ducvh.kho.StockQuanExportTestSuccess" name="f" time="0.001"/>
  <testcase classname="com.wolvesres.ducvh.kho.StockQuanExportTestSuccess" name="f" time="0.001"/>
  <testcase classname="com.wolvesres.truongnvn.khuban.TestEqualsKhuBan" name="testTrungTenKhuBan" time="0.001"/>
  <testcase classname="com.wolvesres.truongnvn.khuban.TestEqualsKhuBan" name="testTrungTenKhuBan" time="0.0"/>
  <testcase classname="com.wolvesres.truongnvn.khuban.TestEqualsKhuBan" name="testTrungTenKhuBan" time="0.001"/>
  <testcase classname="com.wolvesres.ducvh.donvitinh.CalcUnitEmptyTestFail" name="f" time="0.816"/>
  <testcase classname="com.wolvesres.ducvh.donvitinh.CalcUnitEmptyTestFail" name="f" time="0.064"/>
  <testcase classname="com.wolvesres.ducvh.donvitinh.CalcUnitEmptyTestFail" name="f" time="0.047"/>
  <testcase classname="com.wolvesres.ducvh.donvitinh.CalcUnitEmptyTestFail" name="f" time="0.062"/>
  <testcase classname="com.wolvesres.hott.nhanvien.TestValidYearOlds" name="testValidYearOldsFail" time="0.001"/>
  <testcase classname="com.wolvesres.hott.nhanvien.TestValidYearOlds" name="testValidYearOldsFail" time="0.001"/>
  <testcase classname="com.wolvesres.hott.nhanvien.TestValidYearOlds" name="testValidYearOldsFail" time="0.001"/>
  <testcase classname="com.wolvesres.login.testclass.TestLoginSuccessWithBossRole" name="testLogin" time="0.11"/>
  <testcase classname="com.wolvesres.login.testclass.TestLoginSuccessWithBossRole" name="testLogin" time="0.028"/>
  <testcase classname="com.wolvesres.login.testclass.TestLoginSuccessWithBossRole" name="testLogin" time="0.025"/>
  <testcase classname="com.wolvesres.haotn.khuban.TestValidTableAreaName" name="testInvalidTableAreaNameFail" time="0.0"/>
  <testcase classname="com.wolvesres.haotn.khuban.TestValidTableAreaName" name="testInvalidTableAreaNameFail" time="0.0"/>
  <testcase classname="com.wolvesres.haotn.khuban.TestValidTableAreaName" name="testInvalidTableAreaNameFail" time="0.001"/>
  <testcase classname="com.wolvesres.ducvh.ban.checkTableSuccess" name="f" time="0.001"/>
  <testcase classname="com.wolvesres.ducvh.ban.checkTableSuccess" name="f" time="0.0"/>
  <testcase classname="com.wolvesres.ducvh.ban.checkTableSuccess" name="f" time="0.0"/>
  <testcase classname="com.wolvesres.ducvh.ban.checkTableSuccess" name="f" time="0.001"/>
  <testcase classname="com.wolvesres.ducvh.ban.checkTableSuccess" name="f" time="0.0"/>
  <testcase classname="com.wolvesres.ducvh.ban.checkTableSuccess" name="f" time="0.0"/>
  <testcase classname="com.wolvesres.quanghn.hoadon.TestAutoMaHoaDon" name="testAutoGenerateIdProduct" time="0.001"/>
  <testcase classname="com.wolvesres.hott.donvitinh.TestUnit" name="testUnitSuccess" time="0.001"/>
  <testcase classname="com.wolvesres.hott.donvitinh.TestUnit" name="testUnitSuccess" time="0.001"/>
  <testcase classname="com.wolvesres.hott.donvitinh.TestUnit" name="testUnitSuccess" time="0.001"/>
  <testcase classname="com.wolvesres.hott.donvitinh.TestUnit" name="testUnitSuccess" time="0.001"/>
  <testcase classname="com.wolvesres.hott.donvitinh.TestUnit" name="testUnitSuccess" time="0.0"/>
  <testcase classname="com.wolvesres.truongnvn.nhanvien.TestAddNV" name="testThemNhanVien" time="4.553"/>
  <testcase classname="com.wolvesres.truongnvn.nhanvien.TestValidSDT" name="testValidSDTFails" time="0.001"/>
  <testcase classname="com.wolvesres.truongnvn.nhanvien.TestValidSDT" name="testValidSDTFails" time="0.001"/>
  <testcase classname="com.wolvesres.truongnvn.nhanvien.TestValidSDT" name="testValidSDTFails" time="0.003"/>
  <testcase classname="com.wolvesres.truongnvn.nhanvien.TestValidSDT" name="testValidSDTFails" time="0.0"/>
  <testcase classname="com.wolvesres.truongnvn.nhanvien.TestValidSDT" name="testValidSDTFails" time="0.001"/>
  <testcase classname="com.wolvesres.truongnvn.nhanvien.TestValidSDT" name="testValidSDTFails" time="0.0"/>
  <testcase classname="com.wolvesres.truongnvn.nhanvien.TestValidSDT" name="testValidSDTFails" time="0.002"/>
  <testcase classname="com.wolvesres.truongnvn.nhanvien.TestValidSDT" name="testValidSDTFails" time="0.0"/>
  <testcase classname="com.wolvesres.truongnvn.nhanvien.TestValidSDT" name="testValidSDTFails" time="0.003"/>
  <testcase classname="com.wolvesres.truongnvn.nhanvien.TestValidSDT" name="testValidSDTSuccess" time="0.001"/>
  <testcase classname="com.wolvesres.truongnvn.nhanvien.TestValidSDT" name="testValidSDTSuccess" time="0.001"/>
  <testcase classname="com.wolvesres.truongnvn.nhanvien.TestValidSDT" name="testValidSDTSuccess" time="0.0"/>
  <testcase classname="com.wolvesres.truongnvn.nhanvien.TestValidSDT" name="testValidSDTSuccess" time="0.005"/>
  <testcase classname="com.wolvesres.truongnvn.nhanvien.TestValidSDT" name="testValidSDTSuccess" time="0.001"/>
  <testcase classname="com.wolvesres.truongnvn.nhanvien.TestValidSDT" name="testValidSDTSuccess" time="0.002"/>
  <testcase classname="com.wolvesres.truongnvn.nhanvien.TestValidSDT" name="testValidSDTSuccess" time="0.001"/>
  <testcase classname="com.wolvesres.truongnvn.nhanvien.TestValidSDT" name="testValidSDTSuccess" time="0.001"/>
  <testcase classname="com.wolvesres.truongnvn.nhanvien.TestValidSDT" name="testValidSDTSuccess" time="0.0"/>
  <testcase classname="com.wolvesres.truongnvn.nhanvien.TestValidSDT" name="testValidSDTSuccess" time="0.001"/>
  <testcase classname="com.wolvesres.truongnvn.nhanvien.TestValidSDT" name="testValidSDTSuccess" time="0.0"/>
  <testcase classname="com.wolvesres.truongnvn.nhanvien.TestValidSDT" name="testValidSDTSuccess" time="0.0"/>
  <testcase classname="com.wolvesres.truongnvn.nhanvien.TestValidSDT" name="testValidSDTSuccess" time="0.0"/>
  <testcase classname="com.wolvesres.truongnvn.nhanvien.TestValidSDT" name="testValidSDTSuccess" time="0.001"/>
  <testcase classname="com.wolvesres.truongnvn.nhanvien.TestValidSDT" name="testValidSDTSuccess" time="0.001"/>
  <testcase classname="com.wolvesres.truongnvn.nhanvien.TestValidSDT" name="testValidSDTSuccess" time="0.003"/>
  <testcase classname="com.wolvesres.truongnvn.nhanvien.TestValidSDT" name="testValidSDTSuccess" time="0.001"/>
  <testcase classname="com.wolvesres.truongnvn.nhanvien.TestValidSDT" name="testValidSDTSuccess" time="0.0"/>
  <testcase classname="com.wolvesres.truongnvn.nhanvien.TestValidSDT" name="testValidSDTSuccess" time="0.0"/>
  <testcase classname="com.wolvesres.truongnvn.nhanvien.TestValidSDT" name="testValidSDTSuccess" time="0.001"/>
  <testcase classname="com.wolvesres.ducvh.matkhau.PasswordEmptyTestFail" name="f" time="0.056"/>
  <testcase classname="com.wolvesres.ducvh.matkhau.PasswordEmptyTestFail" name="f" time="0.001"/>
  <testcase classname="com.wolvesres.ducvh.matkhau.PasswordEmptyTestFail" name="f" time="0.0"/>
  <testcase classname="com.wolvesres.ducvh.kho.StockPriceImportMinusTestFail" name="f" time="0.0"/>
  <testcase classname="com.wolvesres.ducvh.kho.StockPriceImportMinusTestFail" name="f" time="0.0"/>
  <testcase classname="com.wolvesres.ducvh.kho.StockPriceImportMinusTestFail" name="f" time="0.001"/>
  <testcase classname="com.wolvesres.ducvh.kho.StockPriceImportMinusTestFail" name="f" time="0.001"/>
  <testcase classname="com.wolvesres.quanghn.danhmuc.TestValidDanhMuc" name="testValidFullNameFail" time="0.0"/>
  <testcase classname="com.wolvesres.quanghn.danhmuc.TestValidDanhMuc" name="testValidFullNameFail" time="0.0"/>
  <testcase classname="com.wolvesres.quanghn.danhmuc.TestValidDanhMuc" name="testValidFullNameFail" time="0.0"/>
  <testcase classname="com.wolvesres.quanghn.danhmuc.TestValidDanhMuc" name="testValidFullNameFail" time="0.0"/>
  <testcase classname="com.wolvesres.quanghn.danhmuc.TestValidDanhMuc" name="testValidFullNameFail" time="0.001"/>
  <testcase classname="com.wolvesres.ducvh.kho.StockPriceImportABCTestFail" name="f" time="0.001"/>
  <testcase classname="com.wolvesres.ducvh.kho.StockPriceImportABCTestFail" name="f" time="0.0"/>
  <testcase classname="com.wolvesres.ducvh.kho.StockPriceImportABCTestFail" name="f" time="0.001"/>
  <testcase classname="com.wolvesres.ducvh.kho.StockPriceImportABCTestFail" name="f" time="0.001"/>
  <testcase classname="com.wolvesres.ducvh.kho.StockPriceImportABCTestFail" name="f" time="0.0"/>
  <testcase classname="com.wolvesres.ducvh.kho.StockPriceImportABCTestFail" name="f" time="0.001"/>
  <testcase classname="com.wolvesres.haotn.nhanvien.TestValidFullname" name="testValidFullnamePass" time="0.001"/>
  <testcase classname="com.wolvesres.haotn.nhanvien.TestValidFullname" name="testValidFullnamePass" time="0.001"/>
  <testcase classname="com.wolvesres.haotn.nhanvien.TestValidFullname" name="testValidFullnamePass" time="0.001"/>
  <testcase classname="com.wolvesres.haotn.nhanvien.TestValidFullname" name="testValidFullnamePass" time="0.001"/>
  <testcase classname="com.wolvesres.haotn.nhanvien.TestValidFullname" name="testValidFullnamePass" time="0.0"/>
  <testcase classname="com.wolvesres.haotn.nhanvien.TestValidFullname" name="testValidFullnamePass" time="0.001"/>
  <testcase classname="com.wolvesres.haotn.nhanvien.TestValidFullname" name="testValidFullnamePass" time="0.0"/>
  <testcase classname="com.wolvesres.haotn.nhanvien.TestValidFullname" name="testValidFullnamePass" time="0.0"/>
  <testcase classname="com.wolvesres.haotn.nhanvien.TestValidFullname" name="testValidFullnamePass" time="0.002"/>
  <testcase classname="com.wolvesres.haotn.nhanvien.TestValidFullname" name="testValidFullnamePass" time="0.001"/>
  <testcase classname="com.wolvesres.haotn.nhanvien.TestValidFullname" name="testValidFullnamePass" time="0.001"/>
  <testcase classname="com.wolvesres.haotn.nhanvien.TestValidFullname" name="testValidFullnamePass" time="0.001"/>
  <testcase classname="com.wolvesres.ducvh.voucher.VoucherQuanRealTestFail" name="f" time="0.001"/>
  <testcase classname="com.wolvesres.ducvh.voucher.VoucherQuanRealTestFail" name="f" time="0.0"/>
  <testcase classname="com.wolvesres.ducvh.voucher.VoucherQuanRealTestFail" name="f" time="0.001"/>
  <testcase classname="com.wolvesres.ducvh.voucher.VoucherQuanRealTestFail" name="f" time="0.001"/>
  <testcase classname="com.wolvesres.ducvh.voucher.VoucherQuanRealTestFail" name="f" time="0.001"/>
  <testcase classname="com.wolvesres.hott.sanpham.TestAutoProductCategoryCode" name="testAutoGenerateIdProduct" time="0.001"/>
  <testcase classname="com.wolvesres.hott.nhanvien.TestValidPhoneNumber" name="testValidPhoneNumberFail" time="0.0"/>
  <testcase classname="com.wolvesres.hott.nhanvien.TestValidPhoneNumber" name="testValidPhoneNumberFail" time="0.0"/>
  <testcase classname="com.wolvesres.hott.nhanvien.TestValidPhoneNumber" name="testValidPhoneNumberFail" time="0.001"/>
  <testcase classname="com.wolvesres.ducvh.donvitinh.CalcUnitDuplicateTestFail" name="f" time="0.095"/>
  <testcase classname="com.wolvesres.ducvh.donvitinh.CalcUnitDuplicateTestFail" name="f" time="0.067"/>
  <testcase classname="com.wolvesres.ducvh.donvitinh.CalcUnitDuplicateTestFail" name="f" time="0.048"/>
  <testcase classname="com.wolvesres.ducvh.donvitinh.CalcUnitDuplicateTestFail" name="f" time="0.051"/>
  <testcase classname="com.wolvesres.ducvh.donvitinh.CalcUnitDuplicateTestFail" name="f" time="0.055"/>
  <testcase classname="com.wolvesres.quanghn.voucher.TestValidVoucher" name="testValidVoucherChonNgayFail" time="0.001"/>
  <testcase classname="com.wolvesres.quanghn.voucher.TestValidVoucher" name="testValidVoucherChonNgayFail" time="0.001"/>
  <testcase classname="com.wolvesres.quanghn.voucher.TestValidVoucher" name="testValidVoucherChonNgayFail" time="0.0"/>
  <testcase classname="com.wolvesres.quanghn.voucher.TestValidVoucher" name="testValidVoucherChonNgayFail" time="0.0"/>
  <testcase classname="com.wolvesres.quanghn.voucher.TestValidVoucher" name="testValidVoucherChonNgayFail" time="0.0"/>
  <testcase classname="com.wolvesres.quanghn.voucher.TestValidVoucher" name="testValidVoucherFail" time="0.0"/>
  <testcase classname="com.wolvesres.quanghn.voucher.TestValidVoucher" name="testValidVoucherFail" time="0.0"/>
  <testcase classname="com.wolvesres.quanghn.voucher.TestValidVoucher" name="testValidVoucherFail" time="0.0">
    <failure type="java.lang.NumberFormatException" message="For input string: &amp;quot;-56,89&amp;quot;">
      <![CDATA[java.lang.NumberFormatException: For input string: "-56,89"
at java.base/jdk.internal.math.FloatingDecimal.readJavaFormatString(FloatingDecimal.java:2054)
at java.base/jdk.internal.math.FloatingDecimal.parseFloat(FloatingDecimal.java:122)
at java.base/java.lang.Float.parseFloat(Float.java:476)
at com.wolvesres.quanghn.voucher.TestValidVoucher.testValidVoucherFail(TestValidVoucher.java:60)
at java.base/java.util.ArrayList.forEach(ArrayList.java:1511)
... Removed 27 stack frames]]>
    </failure>
  </testcase> <!-- testValidVoucherFail -->
  <testcase classname="com.wolvesres.quanghn.voucher.TestValidVoucher" name="testValidVoucherFail" time="0.001"/>
  <testcase classname="com.wolvesres.quanghn.voucher.TestValidVoucher" name="testValidVoucherFail" time="0.0">
    <failure type="java.lang.NumberFormatException" message="For input string: &amp;quot;-767,8&amp;quot;">
      <![CDATA[java.lang.NumberFormatException: For input string: "-767,8"
at java.base/jdk.internal.math.FloatingDecimal.readJavaFormatString(FloatingDecimal.java:2054)
at java.base/jdk.internal.math.FloatingDecimal.parseFloat(FloatingDecimal.java:122)
at java.base/java.lang.Float.parseFloat(Float.java:476)
at com.wolvesres.quanghn.voucher.TestValidVoucher.testValidVoucherFail(TestValidVoucher.java:60)
at java.base/java.util.ArrayList.forEach(ArrayList.java:1511)
... Removed 27 stack frames]]>
    </failure>
  </testcase> <!-- testValidVoucherFail -->
  <testcase classname="com.wolvesres.quanghn.voucher.TestValidVoucher" name="testValidVoucherSuccess" time="0.001"/>
  <testcase classname="com.wolvesres.quanghn.voucher.TestValidVoucher" name="testValidVoucherSuccess" time="0.001"/>
  <testcase classname="com.wolvesres.quanghn.voucher.TestValidVoucher" name="testValidVoucherSuccess" time="0.001"/>
  <testcase classname="com.wolvesres.quanghn.voucher.TestValidVoucher" name="testValidVoucherSuccess" time="0.0"/>
  <testcase classname="com.wolvesres.quanghn.voucher.TestValidVoucher" name="testValidVoucherSuccess" time="0.0"/>
  <testcase classname="com.wolvesres.quanghn.nhanvien.TestValidCCCD" name="testValidCCCDFail" time="0.001"/>
  <testcase classname="com.wolvesres.quanghn.nhanvien.TestValidCCCD" name="testValidCCCDFail" time="0.0"/>
  <testcase classname="com.wolvesres.quanghn.nhanvien.TestValidCCCD" name="testValidCCCDFail" time="0.001"/>
  <testcase classname="com.wolvesres.quanghn.nhanvien.TestValidCCCD" name="testValidCCCDFail" time="0.0"/>
  <testcase classname="com.wolvesres.quanghn.nhanvien.TestValidCCCD" name="testValidCCCDMaTinhFail" time="0.002"/>
  <testcase classname="com.wolvesres.quanghn.nhanvien.TestValidCCCD" name="testValidCCCDMaTinhFail" time="0.001"/>
  <testcase classname="com.wolvesres.quanghn.nhanvien.TestValidCCCD" name="testValidCCCDMaTinhFail" time="0.001"/>
  <testcase classname="com.wolvesres.quanghn.nhanvien.TestValidCCCD" name="testValidCCCDMaTinhFail" time="0.001"/>
  <testcase classname="com.wolvesres.quanghn.nhanvien.TestValidCCCD" name="testValidCCCDMaTinhFail" time="0.002"/>
  <testcase classname="com.wolvesres.truongnvn.voucher.TestSoluongVouvherBoTrong" name="testValidSoLuongEmpty" time="0.0"/>
  <testcase classname="com.wolvesres.truongnvn.voucher.TestSoluongVouvherBoTrong" name="testValidSoLuongEmpty" time="0.001"/>
  <testcase classname="com.wolvesres.truongnvn.voucher.TestSoluongVouvherBoTrong" name="testValidSoLuongEmpty" time="0.001"/>
  <testcase classname="com.wolvesres.hott.nhanvien.TestValidIdNational" name="testValidIdNationalFailA" time="0.0"/>
  <testcase classname="com.wolvesres.hott.nhanvien.TestValidIdNational" name="testValidIdNationalFailA" time="0.0"/>
  <testcase classname="com.wolvesres.hott.nhanvien.TestValidIdNational" name="testValidIdNationalFailA" time="0.018"/>
  <testcase classname="com.wolvesres.hott.nhanvien.TestValidIdNational" name="testValidIdNationalFailA" time="0.0"/>
  <testcase classname="com.wolvesres.hott.nhanvien.TestValidIdNational" name="testValidIdNationalFailA" time="0.0"/>
  <testcase classname="com.wolvesres.hott.nhanvien.TestValidIdNational" name="testValidIdNationalFailB" time="0.0"/>
  <testcase classname="com.wolvesres.hott.nhanvien.TestValidIdNational" name="testValidIdNationalFailB" time="0.001"/>
  <testcase classname="com.wolvesres.hott.nhanvien.TestValidIdNational" name="testValidIdNationalFailB" time="0.001"/>
  <testcase classname="com.wolvesres.hott.nhanvien.TestValidIdNational" name="testValidIdNationalFailB" time="0.001"/>
  <testcase classname="com.wolvesres.hott.nhanvien.TestValidIdNational" name="testValidIdNationalFailB" time="0.0"/>
  <testcase classname="com.wolvesres.hott.nhanvien.TestValidIdNational" name="testValidIdNationalFailB" time="0.001"/>
  <testcase classname="com.wolvesres.truongnvn.nhanvien.TestValidFullname" name="testFullNameNoSpace" time="0.001"/>
  <testcase classname="com.wolvesres.truongnvn.nhanvien.TestValidFullname" name="testFullNameNoSpace" time="0.0"/>
  <testcase classname="com.wolvesres.truongnvn.nhanvien.TestValidFullname" name="testFullNameNoSpace" time="0.0"/>
  <testcase classname="com.wolvesres.truongnvn.nhanvien.TestValidFullname" name="testFullNameNoSpace" time="0.0"/>
  <testcase classname="com.wolvesres.truongnvn.nhanvien.TestValidFullname" name="testFullNameNoSpace" time="0.001"/>
  <testcase classname="com.wolvesres.quanghn.taikhoan.TestValidXacNhanMatKhau" name="testValidXacNhanMatKhauSuccess" time="0.001"/>
  <testcase classname="com.wolvesres.quanghn.taikhoan.TestValidXacNhanMatKhau" name="testValidXacNhanMatKhauSuccess" time="0.0"/>
  <testcase classname="com.wolvesres.quanghn.taikhoan.TestValidXacNhanMatKhau" name="testValidXacNhanMatKhauSuccess" time="0.0"/>
  <testcase classname="com.wolvesres.quanghn.taikhoan.TestValidXacNhanMatKhau" name="testValidXacNhanMatKhauSuccess" time="0.001"/>
  <testcase classname="com.wolvesres.quanghn.taikhoan.TestValidXacNhanMatKhau" name="testValidXacNhanMatKhauSuccess" time="0.0"/>
  <testcase classname="com.wolvesres.ducvh.voucher.VoucherDiscountEmptyTestFail" name="f" time="0.0"/>
  <testcase classname="com.wolvesres.ducvh.voucher.VoucherDiscountEmptyTestFail" name="f" time="0.001"/>
  <testcase classname="com.wolvesres.ducvh.voucher.VoucherDiscountEmptyTestFail" name="f" time="0.0"/>
  <testcase classname="com.wolvesres.ducvh.voucher.VoucherDiscountEmptyTestFail" name="f" time="0.0"/>
  <testcase classname="com.wolvesres.truongnvn.kho.TestSoluongXuatKho" name="testValidSoLuongEmpty" time="0.001"/>
  <testcase classname="com.wolvesres.truongnvn.kho.TestSoluongXuatKho" name="testValidSoLuongEmpty" time="0.001"/>
  <testcase classname="com.wolvesres.truongnvn.kho.TestSoluongXuatKho" name="testValidSoLuongEmpty" time="0.001"/>
  <testcase classname="com.wolvesres.truongnvn.kho.TestSoluongXuatKho" name="testValidGia" time="1.8"/>
  <testcase classname="com.wolvesres.truongnvn.kho.TestSoluongXuatKho" name="testValidGia" time="1.455"/>
  <testcase classname="com.wolvesres.quanghn.sanpham.TestValidGiaSP" name="testValidGiaSPFail" time="0.001"/>
  <testcase classname="com.wolvesres.quanghn.sanpham.TestValidGiaSP" name="testValidGiaSPFail" time="0.0"/>
  <testcase classname="com.wolvesres.quanghn.sanpham.TestValidGiaSP" name="testValidGiaSPFail" time="0.001"/>
  <testcase classname="com.wolvesres.quanghn.sanpham.TestValidGiaSP" name="testValidGiaSPFail" time="0.0"/>
  <testcase classname="com.wolvesres.quanghn.sanpham.TestValidGiaSP" name="testValidGiaSPFail" time="0.0"/>
  <testcase classname="com.wolvesres.quanghn.sanpham.TestValidGiaSP" name="testValidGiaSPKiTuDacBietFail" time="0.0"/>
  <testcase classname="com.wolvesres.quanghn.sanpham.TestValidGiaSP" name="testValidGiaSPKiTuDacBietFail" time="0.0"/>
  <testcase classname="com.wolvesres.quanghn.sanpham.TestValidGiaSP" name="testValidGiaSPKiTuDacBietFail" time="0.0"/>
  <testcase classname="com.wolvesres.quanghn.sanpham.TestValidGiaSP" name="testValidGiaSPKiTuDacBietFail" time="0.0"/>
  <testcase classname="com.wolvesres.quanghn.sanpham.TestValidGiaSP" name="testValidGiaSPKiTuDacBietFail" time="0.0"/>
  <testcase classname="com.wolvesres.truongnvn.ban.TestCreateAutoIDBan" name="testAutoGenerateIdProduct" time="0.002"/>
  <testcase classname="com.wolvesres.ducvh.voucher.VoucherEndPastTestFail" name="f" time="0.001"/>
  <testcase classname="com.wolvesres.ducvh.voucher.VoucherEndPastTestFail" name="f" time="0.001"/>
  <testcase classname="com.wolvesres.ducvh.voucher.VoucherEndPastTestFail" name="f" time="0.0"/>
  <testcase classname="com.wolvesres.ducvh.voucher.VoucherEndPastTestFail" name="f" time="0.0"/>
  <testcase classname="com.wolvesres.ducvh.voucher.VoucherEndPastTestFail" name="f" time="0.001"/>
  <testcase classname="com.wolvesres.hott.nhanvien.TestValidPassword" name="testValidPasswordFail" time="0.0"/>
  <testcase classname="com.wolvesres.hott.nhanvien.TestValidPassword" name="testValidPasswordFail" time="0.0"/>
  <testcase classname="com.wolvesres.hott.nhanvien.TestValidPassword" name="testValidPasswordFail" time="0.0"/>
  <testcase classname="com.wolvesres.hott.nhanvien.TestValidPassword" name="testValidPasswordSuccess" time="0.001"/>
  <testcase classname="com.wolvesres.hott.nhanvien.TestValidPassword" name="testValidPasswordSuccess" time="0.001"/>
  <testcase classname="com.wolvesres.hott.nhanvien.TestValidPassword" name="testValidPasswordSuccess" time="0.001"/>
  <testcase classname="com.wolvesres.hott.nhanvien.TestValidPassword" name="testValidPasswordSuccess" time="0.001"/>
  <testcase classname="com.wolvesres.hott.nhanvien.TestValidPassword" name="testValidPasswordSuccess" time="0.001"/>
  <testcase classname="com.wolvesres.hott.nhanvien.TestValidPassword" name="testValidPasswordSuccess" time="0.001"/>
  <testcase classname="com.wolvesres.quanghn.kho.TestValidNhapKho" name="testValidNhapKhoSoAmFail" time="0.001"/>
  <testcase classname="com.wolvesres.quanghn.kho.TestValidNhapKho" name="testValidNhapKhoSoAmFail" time="0.0"/>
  <testcase classname="com.wolvesres.quanghn.kho.TestValidNhapKho" name="testValidNhapKhoSoAmFail" time="0.004">
    <failure type="org.testng.internal.reflect.MethodMatcherException" message="
[public void com.wolvesres.quanghn.kho.TestValidNhapKho.testValidNhapKhoSoAmFail(int,java.lang.Boolean)] has no parameters defined but was found to be using a data provider (either explicitly specified or inherited from class level annotation).
Data provider mismatch
Method: testValidNhapKhoSoAmFail([Parameter{index=0, type=int, declaredAnnotations=[]}, Parameter{index=1, type=java.lang.Boolean, declaredAnnotations=[]}])
Arguments: [(java.lang.Integer) -12,(java.lang.Integer) 9,(java.lang.Boolean) false]">
      <![CDATA[org.testng.internal.reflect.MethodMatcherException: 
[public void com.wolvesres.quanghn.kho.TestValidNhapKho.testValidNhapKhoSoAmFail(int,java.lang.Boolean)] has no parameters defined but was found to be using a data provider (either explicitly specified or inherited from class level annotation).
Data provider mismatch
Method: testValidNhapKhoSoAmFail([Parameter{index=0, type=int, declaredAnnotations=[]}, Parameter{index=1, type=java.lang.Boolean, declaredAnnotations=[]}])
Arguments: [(java.lang.Integer) -12,(java.lang.Integer) 9,(java.lang.Boolean) false]
at java.base/java.util.ArrayList.forEach(ArrayList.java:1511)
... Removed 22 stack frames]]>
    </failure>
  </testcase> <!-- testValidNhapKhoSoAmFail -->
  <testcase classname="com.wolvesres.ducvh.matkhau.PasswordLengthTestFail" name="f" time="0.001"/>
  <testcase classname="com.wolvesres.ducvh.matkhau.PasswordLengthTestFail" name="f" time="0.001"/>
  <testcase classname="com.wolvesres.ducvh.matkhau.PasswordLengthTestFail" name="f" time="0.001"/>
  <testcase classname="com.wolvesres.ducvh.matkhau.PasswordLengthTestFail" name="f" time="0.001"/>
  <testcase classname="com.wolvesres.ducvh.matkhau.PasswordLengthTestFail" name="f" time="0.0"/>
  <testcase classname="com.wolvesres.ducvh.matkhau.PasswordLengthTestFail" name="f" time="0.001"/>
  <testcase classname="com.wolvesres.ducvh.matkhau.PasswordLengthTestFail" name="f" time="0.0"/>
  <testcase classname="com.wolvesres.quanghn.nhanvien.TestValidSDT" name="testValidSDTFail" time="0.001"/>
  <testcase classname="com.wolvesres.quanghn.nhanvien.TestValidSDT" name="testValidSDTFail" time="0.001"/>
  <testcase classname="com.wolvesres.quanghn.nhanvien.TestValidSDT" name="testValidSDTFail" time="0.001"/>
  <testcase classname="com.wolvesres.quanghn.nhanvien.TestValidSDT" name="testValidSDTFail" time="0.001"/>
  <testcase classname="com.wolvesres.quanghn.nhanvien.TestValidSDT" name="testValidSDTFail" time="0.001"/>
  <testcase classname="com.wolvesres.login.testclass.TestLogin" name="testLoginFail" time="0.067"/>
  <testcase classname="com.wolvesres.login.testclass.TestLogin" name="testLoginFail" time="0.029"/>
  <testcase classname="com.wolvesres.login.testclass.TestLogin" name="testLoginFail" time="0.058"/>
  <testcase classname="com.wolvesres.login.testclass.TestLogin" name="testLoginFail" time="0.037">
    <failure type="junit.framework.AssertionFailedError" message="expected:&amp;lt;false&amp;gt; but was:&amp;lt;true&amp;gt;">
      <![CDATA[junit.framework.AssertionFailedError: expected:<false> but was:<true>
at junit.framework.Assert.fail(Assert.java:47)
at junit.framework.Assert.failNotEquals(Assert.java:282)
at junit.framework.Assert.assertEquals(Assert.java:64)
at junit.framework.Assert.assertEquals(Assert.java:149)
at junit.framework.Assert.assertEquals(Assert.java:155)
at com.wolvesres.login.testclass.TestLogin.testLoginFail(TestLogin.java:50)
at java.base/java.util.ArrayList.forEach(ArrayList.java:1511)
... Removed 27 stack frames]]>
    </failure>
  </testcase> <!-- testLoginFail -->
  <testcase classname="com.wolvesres.login.testclass.TestLogin" name="testLoginSuccess" time="0.031"/>
  <testcase classname="com.wolvesres.login.testclass.TestLogin" name="testLoginSuccess" time="0.032"/>
  <testcase classname="com.wolvesres.login.testclass.TestLogin" name="testLoginSuccess" time="0.084"/>
  <testcase classname="com.wolvesres.haotn.kho.TestDateImport" name="testDateProductImportFail" time="0.044"/>
  <testcase classname="com.wolvesres.haotn.kho.TestDateImport" name="testDateProductImportFail" time="0.048"/>
  <testcase classname="com.wolvesres.haotn.kho.TestDateImport" name="testDateProductImportFail" time="0.042"/>
  <testcase classname="com.wolvesres.haotn.kho.TestDateImport" name="testDateProductImportFail" time="0.034">
    <failure type="java.lang.AssertionError" message="expected [false] but found [true]">
      <![CDATA[java.lang.AssertionError: expected [false] but found [true]
at com.wolvesres.haotn.kho.TestDateImport.testDateProductImportFail(TestDateImport.java:72)
at java.base/java.util.ArrayList.forEach(ArrayList.java:1511)
... Removed 32 stack frames]]>
    </failure>
  </testcase> <!-- testDateProductImportFail -->
  <testcase classname="com.wolvesres.haotn.kho.TestDateImport" name="testDateProductImportFail" time="0.033"/>
  <testcase classname="com.wolvesres.truongnvn.sanpham.TestNameSanPham" name="testValidSpDoBoTrong" time="0.0"/>
  <testcase classname="com.wolvesres.haotn.voucher.TestVoucherCode" name="testVoucherCodeLengthFail" time="0.001"/>
  <testcase classname="com.wolvesres.haotn.voucher.TestVoucherCode" name="testVoucherCodeLengthFail" time="0.001"/>
  <testcase classname="com.wolvesres.haotn.voucher.TestVoucherCode" name="testVoucherCodeLengthFail" time="0.0"/>
  <testcase classname="com.wolvesres.haotn.voucher.TestVoucherCode" name="testVoucherCodeLengthFail" time="0.0"/>
  <testcase classname="com.wolvesres.haotn.voucher.TestVoucherCode" name="testVoucherCodeLengthFail" time="0.0"/>
  <testcase classname="com.wolvesres.haotn.voucher.TestVoucherCode" name="testVoucherCodeLengthFail" time="0.001"/>
  <testcase classname="com.wolvesres.haotn.voucher.TestVoucherCode" name="testVoucherCodeNotEmptyFail" time="0.0"/>
  <testcase classname="com.wolvesres.haotn.voucher.TestVoucherCode" name="testVoucherCodeNotEmptyFail" time="0.0"/>
  <testcase classname="com.wolvesres.haotn.voucher.TestVoucherCode" name="testVoucherCodeNotEmptyFail" time="0.001"/>
  <testcase classname="com.wolvesres.ducvh.danhmuc.CategoryEmptyTestFail" name="f" time="0.0"/>
  <testcase classname="com.wolvesres.ducvh.danhmuc.CategoryEmptyTestFail" name="f" time="0.0"/>
  <testcase classname="com.wolvesres.ducvh.danhmuc.CategoryEmptyTestFail" name="f" time="0.0"/>
  <testcase classname="com.wolvesres.ducvh.danhmuc.CategoryEmptyTestFail" name="f" time="0.001"/>
  <testcase classname="com.wolvesres.ducvh.danhmuc.CategoryEmptyTestFail" name="f" time="0.0"/>
  <testcase classname="com.wolvesres.ducvh.danhmuc.CategoryEmptyTestFail" name="f" time="0.0"/>
  <testcase classname="com.wolvesres.ducvh.danhmuc.CategoryEmptyTestFail" name="f" time="0.001"/>
  <testcase classname="com.wolvesres.ducvh.danhmuc.CategoryEmptyTestFail" name="f" time="0.001"/>
  <testcase classname="com.wolvesres.hott.ban.TestTableName" name="testTableNameFail" time="0.001"/>
  <testcase classname="com.wolvesres.hott.ban.TestTableName" name="testTableNameFail" time="0.0"/>
  <testcase classname="com.wolvesres.hott.ban.TestTableName" name="testTableNameFail" time="0.001"/>
  <testcase classname="com.wolvesres.truongnvn.nhanvien.TestisValidCCCD" name="testValidCCCD" time="0.0"/>
  <testcase classname="com.wolvesres.truongnvn.nhanvien.TestisValidCCCD" name="testValidCCCD" time="0.002"/>
  <testcase classname="com.wolvesres.truongnvn.nhanvien.TestisValidCCCD" name="testValidCCCD" time="0.001"/>
  <testcase classname="com.wolvesres.truongnvn.nhanvien.TestisValidCCCD" name="testValidCCCD" time="0.001"/>
  <testcase classname="com.wolvesres.truongnvn.nhanvien.TestisValidCCCD" name="testValidCCCD" time="0.0"/>
  <testcase classname="com.wolvesres.truongnvn.nhanvien.TestisValidCCCD" name="testValidCCCD" time="0.0"/>
  <testcase classname="com.wolvesres.truongnvn.nhanvien.TestisValidCCCD" name="testValidCCCD" time="0.012"/>
  <testcase classname="com.wolvesres.truongnvn.nhanvien.TestisValidCCCD" name="testValidCCCD" time="0.0"/>
  <testcase classname="com.wolvesres.truongnvn.nhanvien.TestisValidCCCD" name="testValidCCCD" time="0.001"/>
  <testcase classname="com.wolvesres.truongnvn.nhanvien.TestisValidCCCD" name="testValidCCCD" time="0.0"/>
  <testcase classname="com.wolvesres.truongnvn.nhanvien.TestisValidCCCD" name="testValidCCCD" time="0.001"/>
  <testcase classname="com.wolvesres.truongnvn.nhanvien.TestisValidCCCD" name="testValidCCCD" time="0.0"/>
  <testcase classname="com.wolvesres.truongnvn.nhanvien.TestisValidCCCD" name="testValidCCCD" time="0.0"/>
  <testcase classname="com.wolvesres.truongnvn.nhanvien.TestisValidCCCD" name="testValidCCCD" time="0.001"/>
  <testcase classname="com.wolvesres.truongnvn.nhanvien.TestisValidCCCD" name="testValidCCCD" time="0.002"/>
  <testcase classname="com.wolvesres.truongnvn.nhanvien.TestisValidCCCD" name="testValidCCCD" time="0.002"/>
  <testcase classname="com.wolvesres.truongnvn.nhanvien.TestisValidCCCD" name="testValidCCCD" time="0.0"/>
  <testcase classname="com.wolvesres.truongnvn.nhanvien.TestisValidCCCD" name="testValidCCCD" time="0.0"/>
  <testcase classname="com.wolvesres.truongnvn.nhanvien.TestisValidCCCD" name="testValidCCCD" time="0.0"/>
  <testcase classname="com.wolvesres.truongnvn.nhanvien.TestisValidCCCD" name="testValidCCCD" time="0.001"/>
  <testcase classname="com.wolvesres.truongnvn.nhanvien.TestisValidCCCD" name="testValidCCCD" time="0.001"/>
  <testcase classname="com.wolvesres.truongnvn.nhanvien.TestisValidCCCD" name="testValidCCCD" time="0.001"/>
  <testcase classname="com.wolvesres.truongnvn.nhanvien.TestisValidCCCD" name="testValidCCCD" time="0.001"/>
  <testcase classname="com.wolvesres.truongnvn.nhanvien.TestisValidCCCD" name="testValidCCCD" time="0.0"/>
  <testcase classname="com.wolvesres.truongnvn.nhanvien.TestisValidCCCD" name="testValidCCCD" time="0.0"/>
  <testcase classname="com.wolvesres.truongnvn.nhanvien.TestisValidCCCD" name="testValidCCCD" time="0.0"/>
  <testcase classname="com.wolvesres.truongnvn.nhanvien.TestisValidCCCD" name="testValidCCCD" time="0.0"/>
  <testcase classname="com.wolvesres.truongnvn.nhanvien.TestisValidCCCD" name="testValidCCCD" time="0.0"/>
  <testcase classname="com.wolvesres.truongnvn.nhanvien.TestisValidCCCD" name="testValidCCCD" time="0.0"/>
  <testcase classname="com.wolvesres.truongnvn.nhanvien.TestisValidCCCD" name="testValidCCCD" time="0.0"/>
  <testcase classname="com.wolvesres.truongnvn.nhanvien.TestisValidCCCD" name="testValidCCCD" time="0.002"/>
  <testcase classname="com.wolvesres.truongnvn.nhanvien.TestisValidCCCD" name="testValidCCCD" time="0.001"/>
  <testcase classname="com.wolvesres.truongnvn.nhanvien.TestisValidCCCD" name="testValidCCCD" time="0.001"/>
  <testcase classname="com.wolvesres.truongnvn.nhanvien.TestisValidCCCD" name="testValidCCCD" time="0.002"/>
  <testcase classname="com.wolvesres.truongnvn.nhanvien.TestisValidCCCD" name="testValidCCCD" time="0.001"/>
  <testcase classname="com.wolvesres.truongnvn.nhanvien.TestisValidCCCD" name="testValidCCCD" time="0.0"/>
  <testcase classname="com.wolvesres.truongnvn.nhanvien.TestisValidCCCD" name="testValidCCCD" time="0.051">
    <failure type="junit.framework.AssertionFailedError" message="expected:&amp;lt;true&amp;gt; but was:&amp;lt;false&amp;gt;">
      <![CDATA[junit.framework.AssertionFailedError: expected:<true> but was:<false>
at junit.framework.Assert.fail(Assert.java:47)
at junit.framework.Assert.failNotEquals(Assert.java:282)
at junit.framework.Assert.assertEquals(Assert.java:64)
at junit.framework.Assert.assertEquals(Assert.java:71)
at com.wolvesres.truongnvn.nhanvien.TestisValidCCCD.testValidCCCD(TestisValidCCCD.java:99)
at java.base/java.util.ArrayList.forEach(ArrayList.java:1511)
... Removed 26 stack frames]]>
    </failure>
  </testcase> <!-- testValidCCCD -->
  <testcase classname="com.wolvesres.truongnvn.nhanvien.TestisValidCCCD" name="testValidCCCD" time="0.001"/>
  <testcase classname="com.wolvesres.truongnvn.nhanvien.TestisValidCCCD" name="testValidCCCD" time="0.0"/>
  <testcase classname="com.wolvesres.truongnvn.nhanvien.TestisValidCCCD" name="testValidCCCD" time="0.0"/>
  <testcase classname="com.wolvesres.truongnvn.nhanvien.TestisValidCCCD" name="testValidCCCD" time="0.003">
    <failure type="junit.framework.AssertionFailedError" message="expected:&amp;lt;true&amp;gt; but was:&amp;lt;false&amp;gt;">
      <![CDATA[junit.framework.AssertionFailedError: expected:<true> but was:<false>
at junit.framework.Assert.fail(Assert.java:47)
at junit.framework.Assert.failNotEquals(Assert.java:282)
at junit.framework.Assert.assertEquals(Assert.java:64)
at junit.framework.Assert.assertEquals(Assert.java:71)
at com.wolvesres.truongnvn.nhanvien.TestisValidCCCD.testValidCCCD(TestisValidCCCD.java:99)
at java.base/java.util.ArrayList.forEach(ArrayList.java:1511)
... Removed 26 stack frames]]>
    </failure>
  </testcase> <!-- testValidCCCD -->
  <testcase classname="com.wolvesres.truongnvn.nhanvien.TestisValidCCCD" name="testValidCCCD" time="0.0"/>
  <testcase classname="com.wolvesres.truongnvn.nhanvien.TestisValidCCCD" name="testValidCCCD" time="0.001">
    <failure type="junit.framework.AssertionFailedError" message="expected:&amp;lt;true&amp;gt; but was:&amp;lt;false&amp;gt;">
      <![CDATA[junit.framework.AssertionFailedError: expected:<true> but was:<false>
at junit.framework.Assert.fail(Assert.java:47)
at junit.framework.Assert.failNotEquals(Assert.java:282)
at junit.framework.Assert.assertEquals(Assert.java:64)
at junit.framework.Assert.assertEquals(Assert.java:71)
at com.wolvesres.truongnvn.nhanvien.TestisValidCCCD.testValidCCCD(TestisValidCCCD.java:99)
at java.base/java.util.ArrayList.forEach(ArrayList.java:1511)
... Removed 26 stack frames]]>
    </failure>
  </testcase> <!-- testValidCCCD -->
  <testcase classname="com.wolvesres.truongnvn.nhanvien.TestisValidCCCD" name="testValidCCCD" time="0.002"/>
  <testcase classname="com.wolvesres.truongnvn.nhanvien.TestisValidCCCD" name="testValidCCCD" time="0.0"/>
  <testcase classname="com.wolvesres.truongnvn.nhanvien.TestisValidCCCD" name="testValidCCCD" time="0.0"/>
  <testcase classname="com.wolvesres.truongnvn.nhanvien.TestisValidCCCD" name="testValidCCCD" time="0.0"/>
  <testcase classname="com.wolvesres.truongnvn.nhanvien.TestisValidCCCD" name="testValidCCCD" time="0.001"/>
  <testcase classname="com.wolvesres.truongnvn.nhanvien.TestisValidCCCD" name="testValidCCCD" time="0.017"/>
  <testcase classname="com.wolvesres.truongnvn.nhanvien.TestisValidCCCD" name="testValidCCCD" time="0.0"/>
  <testcase classname="com.wolvesres.truongnvn.nhanvien.TestisValidCCCD" name="testValidCCCDDu" time="0.0"/>
  <testcase classname="com.wolvesres.truongnvn.nhanvien.TestisValidCCCD" name="testValidCCCDDu" time="0.0"/>
  <testcase classname="com.wolvesres.truongnvn.nhanvien.TestisValidCCCD" name="testValidCCCDDu" time="0.001"/>
  <testcase classname="com.wolvesres.truongnvn.nhanvien.TestisValidCCCD" name="testValidCCCDDu" time="0.001"/>
  <testcase classname="com.wolvesres.truongnvn.nhanvien.TestisValidCCCD" name="testValidCCCDDu" time="0.0"/>
  <testcase classname="com.wolvesres.truongnvn.nhanvien.TestisValidCCCD" name="testValidCCCDGioiTinhTheoNam" time="0.002"/>
  <testcase classname="com.wolvesres.truongnvn.nhanvien.TestisValidCCCD" name="testValidCCCDGioiTinhTheoNam" time="0.0"/>
  <testcase classname="com.wolvesres.truongnvn.nhanvien.TestisValidCCCD" name="testValidCCCDGioiTinhTheoNam" time="0.001"/>
  <testcase classname="com.wolvesres.truongnvn.nhanvien.TestisValidCCCD" name="testValidCCCDGioiTinhTheoNam" time="0.0"/>
  <testcase classname="com.wolvesres.quanghn.nhanvien.TestValidEmail" name="testValidEmailSuccess" time="0.025"/>
  <testcase classname="com.wolvesres.quanghn.nhanvien.TestValidEmail" name="testValidEmailSuccess" time="0.002"/>
  <testcase classname="com.wolvesres.quanghn.nhanvien.TestValidEmail" name="testValidEmailSuccess" time="0.002"/>
  <testcase classname="com.wolvesres.quanghn.nhanvien.TestValidEmail" name="testValidEmailSuccess" time="0.0"/>
  <testcase classname="com.wolvesres.quanghn.nhanvien.TestValidEmail" name="testValidEmailSuccess" time="0.016"/>
  <testcase classname="com.wolvesres.hott.voucher.TestVoucherCode" name="testVoucherCodeSuccess" time="0.0"/>
  <testcase classname="com.wolvesres.hott.voucher.TestVoucherCode" name="testVoucherCodeSuccess" time="0.0"/>
  <testcase classname="com.wolvesres.hott.voucher.TestVoucherCode" name="testVoucherCodeSuccess" time="0.001"/>
  <testcase classname="com.wolvesres.hott.voucher.TestVoucherCode" name="testVoucherCodeSuccess" time="0.0"/>
  <testcase classname="com.wolvesres.hott.voucher.TestVoucherCode" name="testVoucherCodeSuccess" time="0.001"/>
  <testcase classname="com.wolvesres.truongnvn.nhanvien.TestValidEmail" name="testValidEmailCoKhoangTrangFalse" time="0.0"/>
  <testcase classname="com.wolvesres.truongnvn.nhanvien.TestValidEmail" name="testValidEmailCoKhoangTrangFalse" time="0.001"/>
  <testcase classname="com.wolvesres.truongnvn.nhanvien.TestValidEmail" name="testValidEmailCoKhoangTrangFalse" time="0.001"/>
  <testcase classname="com.wolvesres.truongnvn.nhanvien.TestValidEmail" name="testValidEmailCoKhoangTrangFalse" time="0.0"/>
  <testcase classname="com.wolvesres.truongnvn.nhanvien.TestValidEmail" name="testValidEmailCoKhoangTrangFalse" time="0.0"/>
  <testcase classname="com.wolvesres.truongnvn.nhanvien.TestValidEmail" name="testValidEmailCoKhoangTrangFalse" time="0.0"/>
  <testcase classname="com.wolvesres.truongnvn.nhanvien.TestValidEmail" name="testValidEmailEmpty" time="0.0"/>
  <testcase classname="com.wolvesres.hott.sanpham.TestProductPrice" name="testProductPriceSuccess" time="0.002"/>
  <testcase classname="com.wolvesres.hott.sanpham.TestProductPrice" name="testProductPriceSuccess" time="0.0"/>
  <testcase classname="com.wolvesres.hott.sanpham.TestProductPrice" name="testProductPriceSuccess" time="0.001"/>
  <testcase classname="com.wolvesres.hott.sanpham.TestProductPrice" name="testProductPriceSuccess" time="0.002"/>
  <testcase classname="com.wolvesres.hott.sanpham.TestProductPrice" name="testProductPriceSuccess" time="0.0"/>
  <testcase classname="com.wolvesres.truongnvn.nhanvien.TetAutoCreateIDNhanVien" name="testAutoGenerateIdNhanVien" time="0.001"/>
  <testcase classname="com.wolvesres.hott.ban.TestAutoTableCode" name="testAutoGenerateIdProduct" time="0.001"/>
  <testcase classname="com.wolvesres.haotn.nhanvien.TestValidIdNational" name="testIdNationalFail" time="0.042"/>
  <testcase classname="com.wolvesres.haotn.nhanvien.TestValidIdNational" name="testIdNationalFail" time="0.03"/>
  <testcase classname="com.wolvesres.haotn.nhanvien.TestValidIdNational" name="testIdNationalFail" time="0.039"/>
  <testcase classname="com.wolvesres.haotn.nhanvien.TestValidIdNational" name="testIdNationalFail" time="0.033"/>
  <testcase classname="com.wolvesres.haotn.nhanvien.TestValidIdNational" name="testIdNationalFail" time="0.036"/>
  <testcase classname="com.wolvesres.haotn.voucher.TestVoucherDiscount" name="testVoucherDiscountGreaterThan100Fail" time="0.0"/>
  <testcase classname="com.wolvesres.haotn.voucher.TestVoucherDiscount" name="testVoucherDiscountGreaterThan100Fail" time="0.0"/>
  <testcase classname="com.wolvesres.haotn.voucher.TestVoucherDiscount" name="testVoucherDiscountGreaterThan100Fail" time="0.0"/>
  <testcase classname="com.wolvesres.haotn.voucher.TestVoucherDiscount" name="testVoucherDiscountGreaterThan100Fail" time="0.0"/>
  <testcase classname="com.wolvesres.haotn.voucher.TestVoucherDiscount" name="testVoucherDiscountGreaterThan100Fail" time="0.001"/>
  <testcase classname="com.wolvesres.haotn.voucher.TestVoucherDiscount" name="testVoucherDiscountGreaterThan100Fail" time="0.0"/>
  <testcase classname="com.wolvesres.haotn.voucher.TestVoucherDiscount" name="testVoucherDiscountGreaterThan100Fail" time="0.0"/>
  <testcase classname="com.wolvesres.haotn.voucher.TestVoucherDiscount" name="testVoucherDiscountIsNumberFail" time="0.001"/>
  <testcase classname="com.wolvesres.haotn.voucher.TestVoucherDiscount" name="testVoucherDiscountIsNumberFail" time="0.001"/>
  <testcase classname="com.wolvesres.haotn.voucher.TestVoucherDiscount" name="testVoucherDiscountIsNumberFail" time="0.0"/>
  <testcase classname="com.wolvesres.haotn.voucher.TestVoucherDiscount" name="testVoucherDiscountIsNumberFail" time="0.0"/>
  <testcase classname="com.wolvesres.haotn.voucher.TestVoucherDiscount" name="testVoucherDiscountIsNumberFail" time="0.0"/>
  <testcase classname="com.wolvesres.haotn.voucher.TestVoucherDiscount" name="testVoucherDiscountPass" time="0.0"/>
  <testcase classname="com.wolvesres.haotn.voucher.TestVoucherDiscount" name="testVoucherDiscountPass" time="0.0"/>
  <testcase classname="com.wolvesres.haotn.voucher.TestVoucherDiscount" name="testVoucherDiscountPass" time="0.0"/>
  <testcase classname="com.wolvesres.haotn.voucher.TestVoucherDiscount" name="testVoucherDiscountPass" time="0.0"/>
  <testcase classname="com.wolvesres.haotn.voucher.TestVoucherDiscount" name="testVoucherDiscountPass" time="0.001"/>
  <testcase classname="com.wolvesres.hott.voucher.TestVoucherEndDay" name="testVoucherEndDayFail" time="0.0"/>
  <testcase classname="com.wolvesres.hott.voucher.TestVoucherEndDay" name="testVoucherEndDayFail" time="0.0"/>
  <testcase classname="com.wolvesres.hott.voucher.TestVoucherEndDay" name="testVoucherEndDayFail" time="0.0"/>
  <testcase classname="com.wolvesres.hott.voucher.TestVoucherEndDay" name="testVoucherEndDayFail" time="0.0"/>
  <testcase classname="com.wolvesres.hott.voucher.TestVoucherEndDay" name="testVoucherEndDayFail" time="0.0"/>
  <testcase classname="com.wolvesres.hott.voucher.TestVoucherEndDay" name="testVoucherEndDayFail" time="0.0"/>
</testsuite> <!-- Test -->
